# JRE version: Java(TM) SE Runtime Environment (21.0.10+8) (build 21.0.10+8-LTS-217)
# Java VM: Java HotSpot(TM) 64-Bit Server VM (21.0.10+8-LTS-217, mixed mode, sharing, tiered, compressed oops, compressed class ptrs, g1 gc, windows-amd64)
GC Precious Log:
 CardTable entry size: 512
 Card Set container configuration: InlinePtr #cards 4 size 8 Array Of Cards #cards 16 size 48 Howl #buckets 8 coarsen threshold 3686 Howl Bitmap #cards 512 size 80 coarsen threshold 460 Card regions per heap region 1 cards per card region 4096
 CPUs: 8 total, 8 available
 Memory: 14280M
 Large Page Support: Disabled
 NUMA Support: Disabled
 Compressed Oops: Enabled (Zero based)
 Heap Region Size: 2M
 Heap Min Capacity: 8M
 Heap Initial Capacity: 224M
 Heap Max Capacity: 3572M
 Pre-touch: Disabled
 Parallel Workers: 8
 Concurrent Workers: 2
 Concurrent Refinement Workers: 8
 Periodic GC: Disabled
Heap:
 garbage-first heap   total 182272K, used 157782K [0x0000000720c00000, 0x0000000800000000)
  region size 2048K, 31 young (63488K), 2 survivors (4096K)
 Metaspace       used 37615K, committed 38272K, reserved 1114112K
  class space    used 4192K, committed 4480K, reserved 1048576K
GC Heap History (18 events):
Event: 5.231 GC heap before
{Heap before GC invocations=0 (full 0):
 garbage-first heap   total 229376K, used 22528K [0x0000000720c00000, 0x0000000800000000)
  region size 2048K, 11 young (22528K), 0 survivors (0K)
 Metaspace       used 5668K, committed 5888K, reserved 1114112K
  class space    used 655K, committed 768K, reserved 1048576K
}
Event: 5.237 GC heap after
{Heap after GC invocations=1 (full 0):
 garbage-first heap   total 229376K, used 4108K [0x0000000720c00000, 0x0000000800000000)
  region size 2048K, 2 young (4096K), 2 survivors (4096K)
 Metaspace       used 5668K, committed 5888K, reserved 1114112K
  class space    used 655K, committed 768K, reserved 1048576K
}
Event: 6.201 GC heap before
{Heap before GC invocations=1 (full 0):
 garbage-first heap   total 229376K, used 36876K [0x0000000720c00000, 0x0000000800000000)
  region size 2048K, 18 young (36864K), 2 survivors (4096K)
 Metaspace       used 10466K, committed 10688K, reserved 1114112K
  class space    used 1236K, committed 1344K, reserved 1048576K
}
Event: 6.206 GC heap after
{Heap after GC invocations=2 (full 0):
 garbage-first heap   total 229376K, used 5777K [0x0000000720c00000, 0x0000000800000000)
  region size 2048K, 2 young (4096K), 2 survivors (4096K)
 Metaspace       used 10466K, committed 10688K, reserved 1114112K
  class space    used 1236K, committed 1344K, reserved 1048576K
}
Event: 9.547 GC heap before
{Heap before GC invocations=2 (full 0):
 garbage-first heap   total 229376K, used 138897K [0x0000000720c00000, 0x0000000800000000)
  region size 2048K, 67 young (137216K), 2 survivors (4096K)
 Metaspace       used 17774K, committed 18048K, reserved 1114112K
  class space    used 1991K, committed 2112K, reserved 1048576K
}
Event: 9.565 GC heap after
{Heap after GC invocations=3 (full 0):
 garbage-first heap   total 229376K, used 16639K [0x0000000720c00000, 0x0000000800000000)
  region size 2048K, 7 young (14336K), 7 survivors (14336K)
 Metaspace       used 17774K, committed 18048K, reserved 1114112K
  class space    used 1991K, committed 2112K, reserved 1048576K
}
Event: 10.394 GC heap before
{Heap before GC invocations=3 (full 0):
 garbage-first heap   total 229376K, used 55551K [0x0000000720c00000, 0x0000000800000000)
  region size 2048K, 23 young (47104K), 7 survivors (14336K)
 Metaspace       used 21184K, committed 21504K, reserved 1114112K
  class space    used 2390K, committed 2560K, reserved 1048576K
}
Event: 10.409 GC heap after
{Heap after GC invocations=4 (full 0):
 garbage-first heap   total 229376K, used 29749K [0x0000000720c00000, 0x0000000800000000)
  region size 2048K, 3 young (6144K), 3 survivors (6144K)
 Metaspace       used 21184K, committed 21504K, reserved 1114112K
  class space    used 2390K, committed 2560K, reserved 1048576K
}
Event: 12.690 GC heap before
{Heap before GC invocations=5 (full 0):
 garbage-first heap   total 110592K, used 109621K [0x0000000720c00000, 0x0000000800000000)
  region size 2048K, 42 young (86016K), 3 survivors (6144K)
 Metaspace       used 27624K, committed 27968K, reserved 1114112K
  class space    used 3063K, committed 3200K, reserved 1048576K
}
Event: 12.726 GC heap after
{Heap after GC invocations=6 (full 0):
 garbage-first heap   total 137216K, used 46618K [0x0000000720c00000, 0x0000000800000000)
  region size 2048K, 9 young (18432K), 9 survivors (18432K)
 Metaspace       used 27624K, committed 27968K, reserved 1114112K
  class space    used 3063K, committed 3200K, reserved 1048576K
}
Event: 15.331 GC heap before
{Heap before GC invocations=6 (full 0):
 garbage-first heap   total 137216K, used 110106K [0x0000000720c00000, 0x0000000800000000)
  region size 2048K, 40 young (81920K), 9 survivors (18432K)
 Metaspace       used 30190K, committed 30656K, reserved 1114112K
  class space    used 3358K, committed 3584K, reserved 1048576K
}
Event: 15.357 GC heap after
{Heap after GC invocations=7 (full 0):
 garbage-first heap   total 137216K, used 50019K [0x0000000720c00000, 0x0000000800000000)
  region size 2048K, 2 young (4096K), 2 survivors (4096K)
 Metaspace       used 30190K, committed 30656K, reserved 1114112K
  class space    used 3358K, committed 3584K, reserved 1048576K
}
Event: 18.768 GC heap before
{Heap before GC invocations=7 (full 0):
 garbage-first heap   total 137216K, used 113507K [0x0000000720c00000, 0x0000000800000000)
  region size 2048K, 33 young (67584K), 2 survivors (4096K)
 Metaspace       used 32662K, committed 33216K, reserved 1114112K
  class space    used 3621K, committed 3904K, reserved 1048576K
}
Event: 18.779 GC heap after
{Heap after GC invocations=8 (full 0):
 garbage-first heap   total 137216K, used 52123K [0x0000000720c00000, 0x0000000800000000)
  region size 2048K, 3 young (6144K), 3 survivors (6144K)
 Metaspace       used 32662K, committed 33216K, reserved 1114112K
  class space    used 3621K, committed 3904K, reserved 1048576K
}
Event: 20.210 GC heap before
{Heap before GC invocations=8 (full 0):
 garbage-first heap   total 137216K, used 117659K [0x0000000720c00000, 0x0000000800000000)
  region size 2048K, 34 young (69632K), 3 survivors (6144K)
 Metaspace       used 32728K, committed 33344K, reserved 1114112K
  class space    used 3623K, committed 3904K, reserved 1048576K
}
Event: 20.246 GC heap after
{Heap after GC invocations=9 (full 0):
 garbage-first heap   total 151552K, used 80372K [0x0000000720c00000, 0x0000000800000000)
  region size 2048K, 5 young (10240K), 5 survivors (10240K)
 Metaspace       used 32728K, committed 33344K, reserved 1114112K
  class space    used 3623K, committed 3904K, reserved 1048576K
}
Event: 22.097 GC heap before
{Heap before GC invocations=9 (full 0):
 garbage-first heap   total 151552K, used 123380K [0x0000000720c00000, 0x0000000800000000)
  region size 2048K, 26 young (53248K), 5 survivors (10240K)
 Metaspace       used 34145K, committed 34752K, reserved 1114112K
  class space    used 3787K, committed 4096K, reserved 1048576K
}
Event: 22.110 GC heap after
{Heap after GC invocations=10 (full 0):
 garbage-first heap   total 182272K, used 77910K [0x0000000720c00000, 0x0000000800000000)
  region size 2048K, 2 young (4096K), 2 survivors (4096K)
 Metaspace       used 34145K, committed 34752K, reserved 1114112K
  class space    used 3787K, committed 4096K, reserved 1048576K
}

